빌드 시작: 2016-11-24 오후 8:46:12
     1>2 노드의 "C:\Users\jjc10\Desktop\채팅\알고리즘 과제\알고리즘 과제\알고리즘 과제.vcxproj" 프로젝트(Build 대상)입니다.
     1>ClCompile:
         C:\Program Files (x86)\Microsoft Visual Studio 14.0\VC\bin\CL.exe /c /ZI /nologo /W3 /WX- /sdl /Od /Oy- /D WIN32 /D _DEBUG /D _CONSOLE /D _UNICODE /D UNICODE /Gm /EHsc /RTC1 /MDd /GS /fp:precise /Zc:wchar_t /Zc:forScope /Zc:inline /Fo"Debug\\" /Fd"Debug\vc140.pdb" /Gd /TC /analyze- /errorReport:prompt prim.c
         prim.c
     1>c:\users\jjc10\desktop\채팅\알고리즘 과제\알고리즘 과제\prim.c(75): warning C4047: '함수': 'int (*)[7]'의 간접 참조 수준이 'int'과(와) 다릅니다.
     1>c:\users\jjc10\desktop\채팅\알고리즘 과제\알고리즘 과제\prim.c(75): warning C4024: 'prim': 형식 및 실제 매개 변수 1의 형식이 서로 다릅니다.
     1>c:\users\jjc10\desktop\채팅\알고리즘 과제\알고리즘 과제\prim.c(78): warning C4047: '함수': 'int *'의 간접 참조 수준이 'int [7][7]'과(와) 다릅니다.
     1>c:\users\jjc10\desktop\채팅\알고리즘 과제\알고리즘 과제\prim.c(78): warning C4024: 'print_path': 형식 및 실제 매개 변수 1의 형식이 서로 다릅니다.
     1>c:\users\jjc10\desktop\채팅\알고리즘 과제\알고리즘 과제\prim.c(82): warning C4101: 'found' :참조되지 않은 지역 변수입니다.
     1>c:\users\jjc10\desktop\채팅\알고리즘 과제\알고리즘 과제\prim.c(84): warning C4101: 'v' :참조되지 않은 지역 변수입니다.
     1>c:\users\jjc10\desktop\채팅\알고리즘 과제\알고리즘 과제\prim.c(81): warning C4101: 'distance' :참조되지 않은 지역 변수입니다.
     1>c:\users\jjc10\desktop\채팅\알고리즘 과제\알고리즘 과제\prim.c(83): warning C4101: 'pre_vertex' :참조되지 않은 지역 변수입니다.
     1>c:\users\jjc10\desktop\채팅\알고리즘 과제\알고리즘 과제\prim.c(80): warning C4101: 'graph' :참조되지 않은 지역 변수입니다.
     1>c:\users\jjc10\desktop\채팅\알고리즘 과제\알고리즘 과제\prim.c(85): warning C4101: 'n' :참조되지 않은 지역 변수입니다.
     1>c:\users\jjc10\desktop\채팅\알고리즘 과제\알고리즘 과제\prim.c(130): warning C4098: 'prim': 'void' 함수에서 값을 반환하고 있습니다.
     1>c:\users\jjc10\desktop\채팅\알고리즘 과제\알고리즘 과제\prim.c(292): warning C4028: 정식 매개 변수 1이(가) 선언과 다릅니다.
       Link:
         C:\Program Files (x86)\Microsoft Visual Studio 14.0\VC\bin\link.exe /ERRORREPORT:PROMPT /OUT:"C:\Users\jjc10\Desktop\채팅\알고리즘 과제\Debug\알고리즘 과제.exe" /INCREMENTAL /NOLOGO kernel32.lib user32.lib gdi32.lib winspool.lib comdlg32.lib advapi32.lib shell32.lib ole32.lib oleaut32.lib uuid.lib odbc32.lib odbccp32.lib /MANIFEST /MANIFESTUAC:"level='asInvoker' uiAccess='false'" /manifest:embed /Debug /PDB:"C:\Users\jjc10\Desktop\채팅\알고리즘 과제\Debug\알고리즘 과제.pdb" /SUBSYSTEM:CONSOLE /TLBID:1 /DYNAMICBASE /NXCOMPAT /IMPLIB:"C:\Users\jjc10\Desktop\채팅\알고리즘 과제\Debug\알고리즘 과제.lib" /MACHINE:X86 Debug\prim.obj
         알고리즘 과제.vcxproj -> C:\Users\jjc10\Desktop\채팅\알고리즘 과제\Debug\알고리즘 과제.exe
     1>"C:\Users\jjc10\Desktop\채팅\알고리즘 과제\알고리즘 과제\알고리즘 과제.vcxproj" 프로젝트를 빌드했습니다(Build 대상).

빌드했습니다.

경과 시간: 00:00:00.89
